build/outputs/logs/manifest-merger-arm-debug-report.txt
-- Merging decision tree log ---
manifest
ADDED from samples\SpeechRecoExample\AndroidManifest.xml:2:1-66:12
	package
		ADDED from samples\SpeechRecoExample\AndroidManifest.xml:3:5-53
	android:versionName
		ADDED from samples\SpeechRecoExample\AndroidManifest.xml:5:5-30
		INJECTED from samples\SpeechRecoExample\AndroidManifest.xml
		INJECTED from samples\SpeechRecoExample\AndroidManifest.xml
	android:versionCode
		ADDED from samples\SpeechRecoExample\AndroidManifest.xml:4:5-28
		INJECTED from samples\SpeechRecoExample\AndroidManifest.xml
		INJECTED from samples\SpeechRecoExample\AndroidManifest.xml
	xmlns:android
		ADDED from samples\SpeechRecoExample\AndroidManifest.xml:2:11-69
uses-sdk
ADDED from samples\SpeechRecoExample\AndroidManifest.xml:7:5-9:41
MERGED from [com.microsoft.projectoxford:speechrecognition:1.1.0] AndroidManifest.xml:7:5-9:41
MERGED from [com.android.support:appcompat-v7:23.0.1] AndroidManifest.xml:20:5-43
MERGED from [com.android.support:support-v4:23.0.1] AndroidManifest.xml:20:5-43
MERGED from [com.android.support:design:23.0.1] AndroidManifest.xml:20:5-43
MERGED from [com.android.support:support-v4:23.0.1] AndroidManifest.xml:20:5-43
MERGED from [com.android.support:appcompat-v7:23.0.1] AndroidManifest.xml:20:5-43
MERGED from [com.android.support:support-v4:23.0.1] AndroidManifest.xml:20:5-43
	android:targetSdkVersion
		ADDED from samples\SpeechRecoExample\AndroidManifest.xml:9:9-38
	android:minSdkVersion
		ADDED from samples\SpeechRecoExample\AndroidManifest.xml:8:9-35
uses-permission#android.permission.INTERNET
ADDED from samples\SpeechRecoExample\AndroidManifest.xml:11:5-67
MERGED from [com.microsoft.projectoxford:speechrecognition:1.1.0] AndroidManifest.xml:11:5-67
	android:name
		ADDED from samples\SpeechRecoExample\AndroidManifest.xml:11:22-64
uses-permission#android.permission.RECORD_AUDIO
ADDED from samples\SpeechRecoExample\AndroidManifest.xml:12:5-71
MERGED from [com.microsoft.projectoxford:speechrecognition:1.1.0] AndroidManifest.xml:12:5-71
	android:name
		ADDED from samples\SpeechRecoExample\AndroidManifest.xml:12:22-68
uses-permission#android.permission.CHANGE_WIFI_MULTICAST_STATE
ADDED from samples\SpeechRecoExample\AndroidManifest.xml:13:5-86
MERGED from [com.microsoft.projectoxford:speechrecognition:1.1.0] AndroidManifest.xml:13:5-86
	android:name
		ADDED from samples\SpeechRecoExample\AndroidManifest.xml:13:22-83
uses-permission#android.permission.ACCESS_WIFI_STATE
ADDED from samples\SpeechRecoExample\AndroidManifest.xml:14:5-76
MERGED from [com.microsoft.projectoxford:speechrecognition:1.1.0] AndroidManifest.xml:14:5-76
	android:name
		ADDED from samples\SpeechRecoExample\AndroidManifest.xml:14:22-73
uses-permission#android.permission.ACCESS_NETWORK_STATE
ADDED from samples\SpeechRecoExample\AndroidManifest.xml:15:5-79
MERGED from [com.microsoft.projectoxford:speechrecognition:1.1.0] AndroidManifest.xml:15:5-79
	android:name
		ADDED from samples\SpeechRecoExample\AndroidManifest.xml:15:22-76
uses-permission#android.permission.WRITE_EXTERNAL_STORAGE
ADDED from samples\SpeechRecoExample\AndroidManifest.xml:16:5-81
MERGED from [com.microsoft.projectoxford:speechrecognition:1.1.0] AndroidManifest.xml:16:5-81
	android:name
		ADDED from samples\SpeechRecoExample\AndroidManifest.xml:16:22-78
uses-permission#android.permission.READ_PHONE_STATE
ADDED from samples\SpeechRecoExample\AndroidManifest.xml:17:5-75
MERGED from [com.microsoft.projectoxford:speechrecognition:1.1.0] AndroidManifest.xml:17:5-75
	android:name
		ADDED from samples\SpeechRecoExample\AndroidManifest.xml:17:22-72
uses-permission#android.permission.SEND_SMS
ADDED from samples\SpeechRecoExample\AndroidManifest.xml:18:5-67
	android:name
		ADDED from samples\SpeechRecoExample\AndroidManifest.xml:18:22-64
uses-permission#android.permission.ACCESS_FINE_LOCATION
ADDED from samples\SpeechRecoExample\AndroidManifest.xml:19:5-79
	android:name
		ADDED from samples\SpeechRecoExample\AndroidManifest.xml:19:22-76
android:uses-permission#android.permission.READ_EXTERNAL_STORAGE
ADDED from samples\SpeechRecoExample\AndroidManifest.xml:21:5-88
	android:name
		ADDED from samples\SpeechRecoExample\AndroidManifest.xml:21:30-85
application
ADDED from samples\SpeechRecoExample\AndroidManifest.xml:23:5-64:19
MERGED from [com.android.support:appcompat-v7:23.0.1] AndroidManifest.xml:22:5-20
MERGED from [com.android.support:support-v4:23.0.1] AndroidManifest.xml:22:5-20
MERGED from [com.android.support:design:23.0.1] AndroidManifest.xml:22:5-20
MERGED from [com.android.support:support-v4:23.0.1] AndroidManifest.xml:22:5-20
MERGED from [com.android.support:appcompat-v7:23.0.1] AndroidManifest.xml:22:5-20
MERGED from [com.android.support:support-v4:23.0.1] AndroidManifest.xml:22:5-20
	android:label
		ADDED from samples\SpeechRecoExample\AndroidManifest.xml:26:9-41
	android:allowBackup
		ADDED from samples\SpeechRecoExample\AndroidManifest.xml:24:9-35
	android:icon
		ADDED from samples\SpeechRecoExample\AndroidManifest.xml:25:9-45
	android:theme
		ADDED from samples\SpeechRecoExample\AndroidManifest.xml:27:9-47
activity#com.microsoft.CognitiveServicesExample.MainActivity
ADDED from samples\SpeechRecoExample\AndroidManifest.xml:28:9-31:81
	android:label
		ADDED from samples\SpeechRecoExample\AndroidManifest.xml:30:13-45
	android:theme
		ADDED from samples\SpeechRecoExample\AndroidManifest.xml:31:13-69
	android:name
		ADDED from samples\SpeechRecoExample\AndroidManifest.xml:29:13-41
activity#com.microsoft.CognitiveServicesExample.WelcomeActivity
ADDED from samples\SpeechRecoExample\AndroidManifest.xml:32:9-40:20
	android:theme
		ADDED from samples\SpeechRecoExample\AndroidManifest.xml:34:13-69
	android:name
		ADDED from samples\SpeechRecoExample\AndroidManifest.xml:33:13-44
intent-filter#android.intent.action.MAIN+android.intent.category.LAUNCHER
ADDED from samples\SpeechRecoExample\AndroidManifest.xml:35:13-39:29
action#android.intent.action.MAIN
ADDED from samples\SpeechRecoExample\AndroidManifest.xml:36:17-69
	android:name
		ADDED from samples\SpeechRecoExample\AndroidManifest.xml:36:25-66
category#android.intent.category.LAUNCHER
ADDED from samples\SpeechRecoExample\AndroidManifest.xml:38:17-77
	android:name
		ADDED from samples\SpeechRecoExample\AndroidManifest.xml:38:27-74
activity#com.microsoft.CognitiveServicesExample.LauncherActivity
ADDED from samples\SpeechRecoExample\AndroidManifest.xml:41:9-44:72
	android:label
		ADDED from samples\SpeechRecoExample\AndroidManifest.xml:43:13-40
	android:theme
		ADDED from samples\SpeechRecoExample\AndroidManifest.xml:44:13-69
	android:name
		ADDED from samples\SpeechRecoExample\AndroidManifest.xml:42:13-45
activity#com.microsoft.CognitiveServicesExample.Results
ADDED from samples\SpeechRecoExample\AndroidManifest.xml:45:9-47:54
	android:theme
		ADDED from samples\SpeechRecoExample\AndroidManifest.xml:47:13-51
	android:name
		ADDED from samples\SpeechRecoExample\AndroidManifest.xml:46:13-36
activity#com.microsoft.CognitiveServicesExample.GestureRec
ADDED from samples\SpeechRecoExample\AndroidManifest.xml:48:9-50:72
	android:theme
		ADDED from samples\SpeechRecoExample\AndroidManifest.xml:50:13-69
	android:name
		ADDED from samples\SpeechRecoExample\AndroidManifest.xml:49:13-39
activity#com.microsoft.CognitiveServicesExample.Location
ADDED from samples\SpeechRecoExample\AndroidManifest.xml:51:9-53:60
	android:theme
		ADDED from samples\SpeechRecoExample\AndroidManifest.xml:53:13-57
	android:name
		ADDED from samples\SpeechRecoExample\AndroidManifest.xml:52:13-37
activity#com.microsoft.CognitiveServicesExample.ChooseImage
ADDED from samples\SpeechRecoExample\AndroidManifest.xml:54:9-56:72
	android:theme
		ADDED from samples\SpeechRecoExample\AndroidManifest.xml:56:13-69
	android:name
		ADDED from samples\SpeechRecoExample\AndroidManifest.xml:55:13-40
activity#com.microsoft.CognitiveServicesExample.ChildDetails
ADDED from samples\SpeechRecoExample\AndroidManifest.xml:57:9-59:60
	android:theme
		ADDED from samples\SpeechRecoExample\AndroidManifest.xml:59:13-57
	android:name
		ADDED from samples\SpeechRecoExample\AndroidManifest.xml:58:13-41
activity#com.microsoft.CognitiveServicesExample.ChildInfo
ADDED from samples\SpeechRecoExample\AndroidManifest.xml:60:9-62:60
	android:theme
		ADDED from samples\SpeechRecoExample\AndroidManifest.xml:62:13-57
	android:name
		ADDED from samples\SpeechRecoExample\AndroidManifest.xml:61:13-38
activity#com.microsoft.CognitiveServicesExample.Help
ADDED from samples\SpeechRecoExample\AndroidManifest.xml:63:9-51
	android:name
		ADDED from samples\SpeechRecoExample\AndroidManifest.xml:63:19-39